<?xml version="1.0" encoding="UTF-8" ?>
<testsuite failures="0" time="0.005" errors="0" skipped="0" tests="6" name="ar.edu.unq.tpi.persist.ball.domain.bean.TestHabilidad">
  <properties>
    <property name="java.runtime.name" value="OpenJDK Runtime Environment"/>
    <property name="sun.boot.library.path" value="/usr/lib/jvm/java-6-openjdk/jre/lib/i386"/>
    <property name="java.vm.version" value="19.0-b09"/>
    <property name="java.vm.vendor" value="Sun Microsystems Inc."/>
    <property name="java.vendor.url" value="http://java.sun.com/"/>
    <property name="path.separator" value=":"/>
    <property name="java.vm.name" value="OpenJDK Server VM"/>
    <property name="file.encoding.pkg" value="sun.io"/>
    <property name="user.country" value="AR"/>
    <property name="sun.java.launcher" value="SUN_STANDARD"/>
    <property name="sun.os.patch.level" value="unknown"/>
    <property name="java.vm.specification.name" value="Java Virtual Machine Specification"/>
    <property name="user.dir" value="/home/usuario/dev-app/workspace/ar.edu.unq.tpi.persist-ball/persist-ball.domain"/>
    <property name="java.runtime.version" value="1.6.0_20-b20"/>
    <property name="java.awt.graphicsenv" value="sun.awt.X11GraphicsEnvironment"/>
    <property name="basedir" value="/home/usuario/dev-app/workspace/ar.edu.unq.tpi.persist-ball/persist-ball.domain"/>
    <property name="java.endorsed.dirs" value="/usr/lib/jvm/java-6-openjdk/jre/lib/endorsed"/>
    <property name="os.arch" value="i386"/>
    <property name="surefire.real.class.path" value="/home/usuario/dev-app/workspace/ar.edu.unq.tpi.persist-ball/persist-ball.domain/target/surefire/surefirebooter6204790483996033778.jar"/>
    <property name="java.io.tmpdir" value="/tmp"/>
    <property name="line.separator" value="
"/>
    <property name="java.vm.specification.vendor" value="Sun Microsystems Inc."/>
    <property name="os.name" value="Linux"/>
    <property name="sun.jnu.encoding" value="UTF-8"/>
    <property name="java.library.path" value="/usr/lib/jvm/java-6-openjdk/jre/lib/i386/server:/usr/lib/jvm/java-6-openjdk/jre/lib/i386:/usr/lib/jvm/java-6-openjdk/jre/../lib/i386:/usr/java/packages/lib/i386:/usr/lib/jni:/lib:/usr/lib"/>
    <property name="surefire.test.class.path" value="/home/usuario/dev-app/workspace/ar.edu.unq.tpi.persist-ball/persist-ball.domain/target/test-classes:/home/usuario/dev-app/workspace/ar.edu.unq.tpi.persist-ball/persist-ball.domain/target/classes:/home/usuario/dev-app/repository/junit/junit/4.5/junit-4.5.jar:/home/usuario/dev-app/repository/org/mockito/mockito-all/1.8.4/mockito-all-1.8.4.jar:/home/usuario/dev-app/repository/org/hibernate/hibernate-annotations/3.5.6-Final/hibernate-annotations-3.5.6-Final.jar:/home/usuario/dev-app/repository/org/hibernate/hibernate-core/3.5.6-Final/hibernate-core-3.5.6-Final.jar:/home/usuario/dev-app/repository/antlr/antlr/2.7.6/antlr-2.7.6.jar:/home/usuario/dev-app/repository/commons-collections/commons-collections/3.1/commons-collections-3.1.jar:/home/usuario/dev-app/repository/dom4j/dom4j/1.6.1/dom4j-1.6.1.jar:/home/usuario/dev-app/repository/xml-apis/xml-apis/1.0.b2/xml-apis-1.0.b2.jar:/home/usuario/dev-app/repository/javax/transaction/jta/1.1/jta-1.1.jar:/home/usuario/dev-app/repository/org/slf4j/slf4j-api/1.5.8/slf4j-api-1.5.8.jar:/home/usuario/dev-app/repository/org/hibernate/hibernate-commons-annotations/3.2.0.Final/hibernate-commons-annotations-3.2.0.Final.jar:/home/usuario/dev-app/repository/org/hibernate/javax/persistence/hibernate-jpa-2.0-api/1.0.0.Final/hibernate-jpa-2.0-api-1.0.0.Final.jar:"/>
    <property name="java.specification.name" value="Java Platform API Specification"/>
    <property name="java.class.version" value="50.0"/>
    <property name="sun.management.compiler" value="HotSpot Tiered Compilers"/>
    <property name="os.version" value="2.6.32-21-generic"/>
    <property name="user.home" value="/home/usuario"/>
    <property name="user.timezone" value=""/>
    <property name="java.awt.printerjob" value="sun.print.PSPrinterJob"/>
    <property name="file.encoding" value="UTF-8"/>
    <property name="java.specification.version" value="1.6"/>
    <property name="user.name" value="usuario"/>
    <property name="java.class.path" value="/home/usuario/dev-app/workspace/ar.edu.unq.tpi.persist-ball/persist-ball.domain/target/test-classes:/home/usuario/dev-app/workspace/ar.edu.unq.tpi.persist-ball/persist-ball.domain/target/classes:/home/usuario/dev-app/repository/junit/junit/4.5/junit-4.5.jar:/home/usuario/dev-app/repository/org/mockito/mockito-all/1.8.4/mockito-all-1.8.4.jar:/home/usuario/dev-app/repository/org/hibernate/hibernate-annotations/3.5.6-Final/hibernate-annotations-3.5.6-Final.jar:/home/usuario/dev-app/repository/org/hibernate/hibernate-core/3.5.6-Final/hibernate-core-3.5.6-Final.jar:/home/usuario/dev-app/repository/antlr/antlr/2.7.6/antlr-2.7.6.jar:/home/usuario/dev-app/repository/commons-collections/commons-collections/3.1/commons-collections-3.1.jar:/home/usuario/dev-app/repository/dom4j/dom4j/1.6.1/dom4j-1.6.1.jar:/home/usuario/dev-app/repository/xml-apis/xml-apis/1.0.b2/xml-apis-1.0.b2.jar:/home/usuario/dev-app/repository/javax/transaction/jta/1.1/jta-1.1.jar:/home/usuario/dev-app/repository/org/slf4j/slf4j-api/1.5.8/slf4j-api-1.5.8.jar:/home/usuario/dev-app/repository/org/hibernate/hibernate-commons-annotations/3.2.0.Final/hibernate-commons-annotations-3.2.0.Final.jar:/home/usuario/dev-app/repository/org/hibernate/javax/persistence/hibernate-jpa-2.0-api/1.0.0.Final/hibernate-jpa-2.0-api-1.0.0.Final.jar:"/>
    <property name="java.vm.specification.version" value="1.0"/>
    <property name="sun.arch.data.model" value="32"/>
    <property name="java.home" value="/usr/lib/jvm/java-6-openjdk/jre"/>
    <property name="java.specification.vendor" value="Sun Microsystems Inc."/>
    <property name="user.language" value="es"/>
    <property name="java.vm.info" value="mixed mode"/>
    <property name="java.version" value="1.6.0_20"/>
    <property name="java.ext.dirs" value="/usr/lib/jvm/java-6-openjdk/jre/lib/ext:/usr/java/packages/lib/ext"/>
    <property name="sun.boot.class.path" value="/usr/lib/jvm/java-6-openjdk/jre/lib/resources.jar:/usr/lib/jvm/java-6-openjdk/jre/lib/rt.jar:/usr/lib/jvm/java-6-openjdk/jre/lib/sunrsasign.jar:/usr/lib/jvm/java-6-openjdk/jre/lib/jsse.jar:/usr/lib/jvm/java-6-openjdk/jre/lib/jce.jar:/usr/lib/jvm/java-6-openjdk/jre/lib/charsets.jar:/usr/lib/jvm/java-6-openjdk/jre/lib/netx.jar:/usr/lib/jvm/java-6-openjdk/jre/lib/plugin.jar:/usr/lib/jvm/java-6-openjdk/jre/lib/rhino.jar:/usr/lib/jvm/java-6-openjdk/jre/lib/modules/jdk.boot.jar:/usr/lib/jvm/java-6-openjdk/jre/classes"/>
    <property name="java.vendor" value="Sun Microsystems Inc."/>
    <property name="localRepository" value="/home/usuario/dev-app/repository"/>
    <property name="file.separator" value="/"/>
    <property name="java.vendor.url.bug" value="http://java.sun.com/cgi-bin/bugreport.cgi"/>
    <property name="sun.cpu.endian" value="little"/>
    <property name="sun.io.unicode.encoding" value="UnicodeLittle"/>
    <property name="sun.desktop" value="gnome"/>
    <property name="sun.cpu.isalist" value=""/>
  </properties>
  <testcase time="0" classname="ar.edu.unq.tpi.persist.ball.domain.bean.TestHabilidad" name="testDelantero"/>
  <testcase time="0.001" classname="ar.edu.unq.tpi.persist.ball.domain.bean.TestHabilidad" name="testCentral"/>
  <testcase time="0" classname="ar.edu.unq.tpi.persist.ball.domain.bean.TestHabilidad" name="testLateral"/>
  <testcase time="0" classname="ar.edu.unq.tpi.persist.ball.domain.bean.TestHabilidad" name="testEnganche"/>
  <testcase time="0.001" classname="ar.edu.unq.tpi.persist.ball.domain.bean.TestHabilidad" name="testVolanteDefensivo"/>
  <testcase time="0" classname="ar.edu.unq.tpi.persist.ball.domain.bean.TestHabilidad" name="testMediaPunta"/>
</testsuite>